<?xml version="1.0" encoding="UTF-8"?>
<!-- Generated by org.testng.reporters.JUnitReportReporter -->
<testsuite hostname="BLT134" name="demointegration.IntegratingwithJenkins" tests="3" failures="0" timestamp="4 Feb 2020 08:44:20 GMT" time="43.135" errors="0">
  <testcase name="Launchinternetexplorer" time="3.738" classname="demointegration.IntegratingwithJenkins"/>
  <testcase name="launchfirefox" time="15.323" classname="demointegration.IntegratingwithJenkins"/>
  <testcase name="chromebrowseropen" time="24.074" classname="demointegration.IntegratingwithJenkins"/>
</testsuite> <!-- demointegration.IntegratingwithJenkins -->
