<?xml version="1.0" encoding="UTF-8"?>
<!-- Generated by org.testng.reporters.JUnitReportReporter -->
<testsuite skipped="0" hostname="BLT134" name="testng_demo.Exel_login" tests="1" failures="0" timestamp="19 Feb 2020 10:23:24 GMT" time="68.997" errors="0">
  <testcase name="excel" time="68.997" classname="testng_demo.Exel_login"/>
</testsuite> <!-- testng_demo.Exel_login -->
