<?xml version="1.0" encoding="UTF-8"?>
<!-- Generated by org.testng.reporters.JUnitReportReporter -->
<testsuite skipped="0" hostname="BLT134" name="testng_demo.NewTest" tests="2" failures="0" timestamp="18 Feb 2020 08:25:43 GMT" time="28.942" errors="0">
  <testcase name="Navigate" time="15.199" classname="testng_demo.NewTest"/>
  <testcase name="logout" time="13.743" classname="testng_demo.NewTest"/>
</testsuite> <!-- testng_demo.NewTest -->
