<?xml version="1.0" encoding="UTF-8"?>
<!-- Generated by org.testng.reporters.JUnitReportReporter -->
<testsuite skipped="0" hostname="BLT134" name="testng_demo.ParallelExecution" tests="3" failures="0" timestamp="17 Feb 2020 11:07:49 GMT" time="0.048" errors="0">
  <testcase name="Testcase3" time="0.014" classname="testng_demo.ParallelExecution"/>
  <testcase name="Testcase2" time="0.003" classname="testng_demo.ParallelExecution"/>
  <testcase name="Testcase1" time="0.031" classname="testng_demo.ParallelExecution"/>
</testsuite> <!-- testng_demo.ParallelExecution -->
