<?xml version="1.0" encoding="UTF-8"?>
<!-- Generated by org.testng.reporters.JUnitReportReporter -->
<testsuite skipped="0" hostname="BLT134" name="testng_demo.Prioritytestcase" tests="3" failures="0" timestamp="17 Feb 2020 11:51:30 GMT" time="0.031" errors="0">
  <testcase name="Testcase3" time="0.015" classname="testng_demo.Prioritytestcase"/>
  <testcase name="Testcase1" time="0.000" classname="testng_demo.Prioritytestcase"/>
  <testcase name="Testcase2" time="0.016" classname="testng_demo.Prioritytestcase"/>
</testsuite> <!-- testng_demo.Prioritytestcase -->
