<?xml version="1.0" encoding="UTF-8"?>
<!-- Generated by org.testng.reporters.JUnitReportReporter -->
<testsuite skipped="0" hostname="BLT134" name="testng_demo.NewTest" tests="3" failures="0" timestamp="17 Feb 2020 10:30:55 GMT" time="0.015" errors="0">
  <testcase name="Testcase3" time="0.000" classname="testng_demo.NewTest"/>
  <testcase name="Testcase1" time="0.000" classname="testng_demo.NewTest"/>
  <testcase name="Testcase2" time="0.015" classname="testng_demo.NewTest"/>
</testsuite> <!-- testng_demo.NewTest -->
