<?xml version="1.0" encoding="UTF-8"?>
<!-- Generated by org.testng.reporters.JUnitReportReporter -->
<testsuite skipped="0" hostname="BLT134" name="testng_demo.Dataprovidercl" tests="3" failures="0" timestamp="04 Mar 2020 05:57:38 GMT" time="36.300" errors="0">
  <testcase name="login" time="9.272" classname="testng_demo.Dataprovidercl"/>
  <testcase name="login" time="15.930" classname="testng_demo.Dataprovidercl"/>
  <testcase name="login" time="11.098" classname="testng_demo.Dataprovidercl"/>
</testsuite> <!-- testng_demo.Dataprovidercl -->
