<?xml version="1.0" encoding="UTF-8"?>
<!-- Generated by org.testng.reporters.JUnitReportReporter -->
<testsuite skipped="0" hostname="BLT134" name="testng_demo.ParallelExecution1" tests="3" failures="0" timestamp="17 Feb 2020 11:07:48 GMT" time="0.033" errors="0">
  <testcase name="Testcase5" time="0.002" classname="testng_demo.ParallelExecution1"/>
  <testcase name="Testcase4" time="0.030" classname="testng_demo.ParallelExecution1"/>
  <testcase name="Testcase6" time="0.001" classname="testng_demo.ParallelExecution1"/>
</testsuite> <!-- testng_demo.ParallelExecution1 -->
