<?xml version="1.0" encoding="UTF-8"?>
<!-- Generated by org.testng.reporters.JUnitReportReporter -->
<testsuite skipped="0" hostname="BLT134" name="testng_demo.DependsonGroup" tests="3" failures="0" timestamp="18 Feb 2020 08:53:16 GMT" time="0.030" errors="0">
  <testcase name="Logout" time="0.002" classname="testng_demo.DependsonGroup"/>
  <testcase name="Login" time="0.026" classname="testng_demo.DependsonGroup"/>
  <testcase name="Search" time="0.002" classname="testng_demo.DependsonGroup"/>
</testsuite> <!-- testng_demo.DependsonGroup -->
