<?xml version="1.0" encoding="UTF-8"?>
<!-- Generated by org.testng.reporters.JUnitReportReporter -->
<testsuite skipped="0" hostname="BLT134" name="com.testcase.Testcase" tests="1" failures="0" timestamp="06 Mar 2020 05:55:19 GMT" time="0.347" errors="0">
  <testcase name="Source" time="0.347" classname="com.testcase.Testcase"/>
</testsuite> <!-- com.testcase.Testcase -->
