<?xml version="1.0" encoding="UTF-8"?>
<!-- Generated by org.testng.reporters.JUnitReportReporter -->
<testsuite name="Launch_Demo.InternetexplorerBrowser" tests="1" time="3.821" ignored="0" failures="0" timestamp="05 Mar 2020 06:30:39 GMT" skipped="0" hostname="BLT134" errors="0">
  <testcase name="Launchinternetexplorer" time="3.821" classname="Launch_Demo.InternetexplorerBrowser"/>
</testsuite> <!-- Launch_Demo.InternetexplorerBrowser -->
