<?xml version="1.0" encoding="UTF-8"?>
<!-- Generated by org.testng.reporters.JUnitReportReporter -->
<testsuite name="Launch_Demo.Launchfirefox" tests="1" time="28.382" ignored="0" failures="0" timestamp="05 Mar 2020 06:29:24 GMT" skipped="0" hostname="BLT134" errors="0">
  <testcase name="launchfirefox" time="28.382" classname="Launch_Demo.Launchfirefox"/>
</testsuite> <!-- Launch_Demo.Launchfirefox -->
