<?xml version="1.0" encoding="UTF-8"?>
<!-- Generated by org.testng.reporters.JUnitReportReporter -->
<testsuite name="Launch_Demo.ChromeBrowser" tests="1" time="16.694" ignored="0" failures="0" timestamp="05 Mar 2020 06:25:43 GMT" skipped="0" hostname="BLT134" errors="0">
  <testcase name="chromebrowseropen" time="16.694" classname="Launch_Demo.ChromeBrowser"/>
</testsuite> <!-- Launch_Demo.ChromeBrowser -->
