<?xml version="1.0" encoding="UTF-8"?>
<!-- Generated by org.testng.reporters.JUnitReportReporter -->
<testsuite skipped="0" hostname="BLT134" name="Testcases.Testcaselogin" tests="2" failures="0" timestamp="19 Feb 2020 12:15:14 GMT" time="5.583" errors="0">
  <testcase name="lougout" time="1.338" classname="Testcases.Testcaselogin"/>
  <testcase name="login" time="4.245" classname="Testcases.Testcaselogin"/>
</testsuite> <!-- Testcases.Testcaselogin -->
